<?xml version="1.0" encoding="UTF-8"?>
<!-- Generated by org.testng.reporters.JUnitReportReporter -->
<testsuite skipped="0" hostname="Kiran" name="com.datadriven.test.scrollingupanddown" tests="1" failures="0" timestamp="08 Aug 2019 14:09:57 GMT" time="16.125" errors="0">
  <testcase name="Test" time="16.125" classname="com.datadriven.test.scrollingupanddown"/>
</testsuite> <!-- com.datadriven.test.scrollingupanddown -->
