<?xml version="1.0" encoding="UTF-8"?>
<!-- Generated by org.testng.reporters.JUnitReportReporter -->
<testsuite skipped="1" hostname="Kiran" name="com.datadriven.test.testngdatadriven" tests="1" failures="0" timestamp="26 Feb 2019 14:14:55 GMT" time="0.000" errors="0">
  <testcase name="logintestcase" time="0.000" classname="com.datadriven.test.testngdatadriven">
    <skipped/>
  </testcase> <!-- logintestcase -->
</testsuite> <!-- com.datadriven.test.testngdatadriven -->
